# JRE version: OpenJDK Runtime Environment Homebrew (21.0.1) (build 21.0.1)
# Java VM: OpenJDK 64-Bit Server VM Homebrew (21.0.1, mixed mode, sharing, tiered, compressed oops, compressed class ptrs, g1 gc, bsd-aarch64)
Heap:
 garbage-first heap   total 133120K, used 54660K [0x0000000780000000, 0x0000000800000000)
  region size 1024K, 42 young (43008K), 6 survivors (6144K)
 Metaspace       used 16600K, committed 16832K, reserved 1114112K
  class space    used 2224K, committed 2368K, reserved 1048576K
GC Heap History (6 events):
Event: 5.426 GC heap before
{Heap before GC invocations=0 (full 0):
 garbage-first heap   total 133120K, used 23564K [0x0000000780000000, 0x0000000800000000)
  region size 1024K, 23 young (23552K), 0 survivors (0K)
 Metaspace       used 5439K, committed 5632K, reserved 1114112K
  class space    used 686K, committed 768K, reserved 1048576K
}
Event: 5.428 GC heap after
{Heap after GC invocations=1 (full 0):
 garbage-first heap   total 133120K, used 4108K [0x0000000780000000, 0x0000000800000000)
  region size 1024K, 3 young (3072K), 3 survivors (3072K)
 Metaspace       used 5439K, committed 5632K, reserved 1114112K
  class space    used 686K, committed 768K, reserved 1048576K
}
Event: 9.188 GC heap before
{Heap before GC invocations=1 (full 0):
 garbage-first heap   total 133120K, used 50188K [0x0000000780000000, 0x0000000800000000)
  region size 1024K, 44 young (45056K), 3 survivors (3072K)
 Metaspace       used 13262K, committed 13504K, reserved 1114112K
  class space    used 1868K, committed 1984K, reserved 1048576K
}
Event: 9.191 GC heap after
{Heap after GC invocations=2 (full 0):
 garbage-first heap   total 133120K, used 12990K [0x0000000780000000, 0x0000000800000000)
  region size 1024K, 6 young (6144K), 6 survivors (6144K)
 Metaspace       used 13262K, committed 13504K, reserved 1114112K
  class space    used 1868K, committed 1984K, reserved 1048576K
}
Event: 84.431 GC heap before
{Heap before GC invocations=2 (full 0):
 garbage-first heap   total 133120K, used 87742K [0x0000000780000000, 0x0000000800000000)
  region size 1024K, 76 young (77824K), 6 survivors (6144K)
 Metaspace       used 16422K, committed 16704K, reserved 1114112K
  class space    used 2213K, committed 2368K, reserved 1048576K
}
Event: 84.447 GC heap after
{Heap after GC invocations=3 (full 0):
 garbage-first heap   total 133120K, used 18820K [0x0000000780000000, 0x0000000800000000)
  region size 1024K, 6 young (6144K), 6 survivors (6144K)
 Metaspace       used 16422K, committed 16704K, reserved 1114112K
  class space    used 2213K, committed 2368K, reserved 1048576K
}

