# JRE version: OpenJDK Runtime Environment Homebrew (21.0.1) (build 21.0.1)
# Java VM: OpenJDK 64-Bit Server VM Homebrew (21.0.1, mixed mode, sharing, tiered, compressed oops, compressed class ptrs, g1 gc, bsd-aarch64)
Heap:
 garbage-first heap   total 133120K, used 69328K [0x0000000780000000, 0x0000000800000000)
  region size 1024K, 52 young (53248K), 4 survivors (4096K)
 Metaspace       used 17103K, committed 17344K, reserved 1114112K
  class space    used 2250K, committed 2368K, reserved 1048576K
GC Heap History (12 events):
Event: 5.501 GC heap before
{Heap before GC invocations=0 (full 0):
 garbage-first heap   total 133120K, used 23564K [0x0000000780000000, 0x0000000800000000)
  region size 1024K, 23 young (23552K), 0 survivors (0K)
 Metaspace       used 5544K, committed 5696K, reserved 1114112K
  class space    used 698K, committed 768K, reserved 1048576K
}
Event: 5.503 GC heap after
{Heap after GC invocations=1 (full 0):
 garbage-first heap   total 133120K, used 4118K [0x0000000780000000, 0x0000000800000000)
  region size 1024K, 3 young (3072K), 3 survivors (3072K)
 Metaspace       used 5544K, committed 5696K, reserved 1114112K
  class space    used 698K, committed 768K, reserved 1048576K
}
Event: 7.713 GC heap before
{Heap before GC invocations=1 (full 0):
 garbage-first heap   total 133120K, used 50198K [0x0000000780000000, 0x0000000800000000)
  region size 1024K, 44 young (45056K), 3 survivors (3072K)
 Metaspace       used 12251K, committed 12480K, reserved 1114112K
  class space    used 1691K, committed 1792K, reserved 1048576K
}
Event: 7.716 GC heap after
{Heap after GC invocations=2 (full 0):
 garbage-first heap   total 133120K, used 11020K [0x0000000780000000, 0x0000000800000000)
  region size 1024K, 5 young (5120K), 5 survivors (5120K)
 Metaspace       used 12251K, committed 12480K, reserved 1114112K
  class space    used 1691K, committed 1792K, reserved 1048576K
}
Event: 47.958 GC heap before
{Heap before GC invocations=2 (full 0):
 garbage-first heap   total 133120K, used 86796K [0x0000000780000000, 0x0000000800000000)
  region size 1024K, 76 young (77824K), 5 survivors (5120K)
 Metaspace       used 16479K, committed 16768K, reserved 1114112K
  class space    used 2218K, committed 2368K, reserved 1048576K
}
Event: 47.996 GC heap after
{Heap after GC invocations=3 (full 0):
 garbage-first heap   total 133120K, used 19007K [0x0000000780000000, 0x0000000800000000)
  region size 1024K, 10 young (10240K), 10 survivors (10240K)
 Metaspace       used 16479K, committed 16768K, reserved 1114112K
  class space    used 2218K, committed 2368K, reserved 1048576K
}
Event: 139.121 GC heap before
{Heap before GC invocations=3 (full 0):
 garbage-first heap   total 133120K, used 86591K [0x0000000780000000, 0x0000000800000000)
  region size 1024K, 76 young (77824K), 10 survivors (10240K)
 Metaspace       used 16757K, committed 17024K, reserved 1114112K
  class space    used 2221K, committed 2368K, reserved 1048576K
}
Event: 139.153 GC heap after
{Heap after GC invocations=4 (full 0):
 garbage-first heap   total 133120K, used 18943K [0x0000000780000000, 0x0000000800000000)
  region size 1024K, 5 young (5120K), 5 survivors (5120K)
 Metaspace       used 16757K, committed 17024K, reserved 1114112K
  class space    used 2221K, committed 2368K, reserved 1048576K
}
Event: 238.724 GC heap before
{Heap before GC invocations=4 (full 0):
 garbage-first heap   total 133120K, used 91647K [0x0000000780000000, 0x0000000800000000)
  region size 1024K, 76 young (77824K), 5 survivors (5120K)
 Metaspace       used 16972K, committed 17280K, reserved 1114112K
  class space    used 2239K, committed 2368K, reserved 1048576K
}
Event: 238.752 GC heap after
{Heap after GC invocations=5 (full 0):
 garbage-first heap   total 133120K, used 19616K [0x0000000780000000, 0x0000000800000000)
  region size 1024K, 6 young (6144K), 6 survivors (6144K)
 Metaspace       used 16972K, committed 17280K, reserved 1114112K
  class space    used 2239K, committed 2368K, reserved 1048576K
}
Event: 654.011 GC heap before
{Heap before GC invocations=5 (full 0):
 garbage-first heap   total 133120K, used 91296K [0x0000000780000000, 0x0000000800000000)
  region size 1024K, 76 young (77824K), 6 survivors (6144K)
 Metaspace       used 17084K, committed 17344K, reserved 1114112K
  class space    used 2245K, committed 2368K, reserved 1048576K
}
Event: 654.035 GC heap after
{Heap after GC invocations=6 (full 0):
 garbage-first heap   total 133120K, used 21200K [0x0000000780000000, 0x0000000800000000)
  region size 1024K, 4 young (4096K), 4 survivors (4096K)
 Metaspace       used 17084K, committed 17344K, reserved 1114112K
  class space    used 2245K, committed 2368K, reserved 1048576K
}

